0	1	mikroCPIC32.exe -MSF -DBG -pP32MX795F512L -C -DL -SSA -EBASE 0x9FC01000 -INTDEF MV_SRS7_IS32 -O11111114 -fo80 -N"C:\Users\Mark\Desktop\FAT32_MP3\MP3.mcp32" -SP"C:\Users\Public\Documents\Mikroelektronika\mikroC PRO for PIC32\Defs\" -SP"C:\Users\Public\Documents\Mikroelektronika\mikroC PRO for PIC32\Uses\" -SP"C:\Users\Mark\Desktop\FAT32_MP3\" -SP"C:\Users\Public\Documents\Mikroelektronika\mikroC PRO for PIC32\Packages\FAT32 Library\Uses\" -SP"C:\Users\Public\Documents\Mikroelektronika\mikroC PRO for PIC32\Packages\mikroBUS Board Definition API\Uses\" -IP"C:\Users\Public\Documents\Mikroelektronika\mikroC PRO for PIC32\Uses\" -IP"C:\Users\Mark\Desktop\FAT32_MP3\" -IP"C:\Users\Public\Documents\Mikroelektronika\mikroC PRO for PIC32\Packages\FAT32 Library\Uses\" -IP"C:\Users\Public\Documents\Mikroelektronika\mikroC PRO for PIC32\Packages\mikroBUS Board Definition API\Uses\" "MP3.c" "MP3_routines.c" "__Lib_CP0.emcl" "__Lib_Math.emcl" "__Lib_MathDouble.emcl" "__Lib_System.emcl" "__Lib_SoftResetDma.emcl" "__Lib_Delays.emcl" "__Lib_CType.emcl" "__Lib_CString.emcl" "__Lib_CStdlib.emcl" "__Lib_Conversions.emcl" "__Lib_Sprintf.emcl" "__Lib_SPI_1234.emcl" "__Lib_UART_123456.emcl" "__Lib_Mmc.emcl" "__Lib_TFT.emcl" "__Lib_TFT_Defs.emcl" "easypicfusion_v7_P32MX795F512L.emcl" "__Lib_FAT32_Driver_MX.emcl" "__Lib_FAT32_Defs_MX.emcl" "__Lib_FAT32_MX.emcl"	 
diagnostics: 0	122	Compilation Started	mp3_routines.h
hint: 304	1354	argument may be out of range [?FLOC___jsmn_parse?T369]	jsmn.h
hint: 313	1354	argument may be out of range [?FLOC___jsmn_parse?T391]	jsmn.h
hint: 167	1163	Variable 'i' has been declared, but not used	MP3.c
hint: 167	1163	Variable 'fsize' has been declared, but not used	MP3.c
hint: 318	1163	Variable 'j' has been declared, but not used	MP3.c
hint: 318	1163	Variable 'size' has been declared, but not used	MP3.c
diagnostics: 416	123	Compiled Successfully	MP3.c
hint: 292	1164	Variable 't' has been eliminated by optimizer	MP3.c
hint: 222	1164	Variable 'g' has been eliminated by optimizer	MP3.c
diagnostics: 0	122	Compilation Started	__lib_fat32.h
diagnostics: 279	123	Compiled Successfully	MP3_routines.c
hint: 134	1164	Variable 'volume' has been eliminated by optimizer	MP3_routines.c
diagnostics: 0	127	All files Compiled in 390 ms	 
hint: 0	1144	Used RX: 32 (100%)   Free RX: 0 (0%)	Used RX: 32 (100%)   Free RX: 0 (0%)
hint: 0	1144	Static RAM (bytes): 2435   Dynamic RAM (bytes): 128633	Static RAM (bytes): 2435   Dynamic RAM (bytes): 128633
hint: 0	1144	Used ROM (bytes): 79981 (15%)  Free ROM (bytes): 444307 (85%)	Used ROM (bytes): 79981 (15%)  Free ROM (bytes): 444307 (85%)
hint: 0	1144	Used BOOTROM (bytes): 320 (3%)  Free BOOTROM (bytes): 11953 (97%)	Used BOOTROM (bytes): 320 (3%)  Free BOOTROM (bytes): 11953 (97%)
diagnostics: 0	125	Project Linked Successfully	MP3.mcp32
diagnostics: 0	128	Linked in 594 ms	 
diagnostics: 0	129	Project 'MP3.mcp32' completed: 1203 ms	 
diagnostics: 0	103	Finished successfully: 17 Oct 2020, 01:03:17	MP3.mcp32
